<?xml version="1.0" encoding="UTF-8"?>
<!-- Generated by org.testng.reporters.JUnitReportReporter -->
<testsuite hostname="DESKTOP-9B3BV7M" failures="0" tests="2" name="testngexam1008.exam3" time="0.012" errors="0" timestamp="2023-10-08T23:46:27 EDT" skipped="0">
  <testcase classname="testngexam1008.exam3" name="testCase2" time="0.001"/>
  <testcase classname="testngexam1008.exam3" name="testCase1" time="0.011"/>
</testsuite> <!-- testngexam1008.exam3 -->
