<?xml version="1.0" encoding="UTF-8"?>
<!-- Generated by org.testng.reporters.JUnitReportReporter -->
<testsuite hostname="DESKTOP-9B3BV7M" failures="0" tests="4" name="testngexam1008.exam2" time="22.400" errors="0" timestamp="2023-10-08T23:41:06 EDT" skipped="0">
  <testcase classname="testngexam1008.exam2" name="TestCase_one" time="5.496"/>
  <testcase classname="testngexam1008.exam2" name="TestCase_two" time="5.411"/>
  <testcase classname="testngexam1008.exam2" name="TestCase_four" time="6.198"/>
  <testcase classname="testngexam1008.exam2" name="TestCase_three" time="5.295"/>
</testsuite> <!-- testngexam1008.exam2 -->
