<?xml version="1.0" encoding="UTF-8"?>
<!-- Generated by org.testng.reporters.JUnitReportReporter -->
<testsuite hostname="DESKTOP-9B3BV7M" failures="0" tests="1" name="testngexam1008.exam1" time="0.043" errors="0" timestamp="2023-10-08T23:31:13 EDT" skipped="0">
  <testcase classname="testngexam1008.exam1" name="testCase1" time="0.043"/>
</testsuite> <!-- testngexam1008.exam1 -->
