<?xml version="1.0" encoding="UTF-8"?>
<!-- Generated by org.testng.reporters.JUnitReportReporter -->
<testsuite hostname="DESKTOP-9B3BV7M" failures="0" tests="2" name="testngexam1008.exam6" time="11.500" errors="0" timestamp="2023-10-08T23:51:59 EDT" skipped="0">
  <testcase classname="testngexam1008.exam6" name="TestCase_one" time="6.050"/>
  <testcase classname="testngexam1008.exam6" name="TestCase_three" time="5.450"/>
</testsuite> <!-- testngexam1008.exam6 -->
